<?xml version="1.0" encoding="UTF-8"?>
<!-- Generated by org.testng.reporters.JUnitXMLReporter -->
<testsuite ignored="0" hostname="CISPL-IO-756.local" failures="1" tests="8" name="Default test(failed)" time="3.091" errors="0" timestamp="2024-05-19T17:03:18 IST">
  <testcase classname="com.api.test.LoginApiTest" name="Login Api Test" time="0.556">
    <skipped/>
  </testcase> <!-- Login Api Test -->
  <testcase classname="com.api.test.LoginApiTest" name="Login Api Test" time="0.196">
    <skipped/>
  </testcase> <!-- Login Api Test -->
  <testcase classname="com.api.test.LoginApiTest" name="Login Api Test" time="0.182">
    <skipped/>
  </testcase> <!-- Login Api Test -->
  <testcase classname="com.api.test.LoginApiTest" name="Login Api Test" time="0.175">
    <failure type="java.lang.AssertionError" message="1 expectation failed.
Expected response time was not a value less than &amp;lt;150L&amp;gt; milliseconds, was 165 milliseconds (165 milliseconds).">
      <![CDATA[java.lang.AssertionError: 1 expectation failed.
Expected response time was not a value less than <150L> milliseconds, was 165 milliseconds (165 milliseconds).
at org.codehaus.groovy.runtime.callsite.ConstructorSite$ConstructorSiteNoUnwrapNoCoerce.callConstructor(ConstructorSite.java:108)
at org.codehaus.groovy.runtime.callsite.AbstractCallSite.callConstructor(AbstractCallSite.java:277)
at io.restassured.internal.ResponseSpecificationImpl$HamcrestAssertionClosure.validate(ResponseSpecificationImpl.groovy:512)
at io.restassured.internal.ResponseSpecificationImpl$HamcrestAssertionClosure$validate$1.call(Unknown Source)
at io.restassured.internal.ResponseSpecificationImpl.validateResponseIfRequired(ResponseSpecificationImpl.groovy:696)
at io.restassured.internal.ResponseSpecificationImpl.this$2$validateResponseIfRequired(ResponseSpecificationImpl.groovy)
at org.codehaus.groovy.runtime.callsite.PlainObjectMetaMethodSite.doInvoke(PlainObjectMetaMethodSite.java:43)
at org.codehaus.groovy.runtime.callsite.PogoMetaMethodSite$PogoCachedMethodSiteNoUnwrapNoCoerce.invoke(PogoMetaMethodSite.java:198)
at org.codehaus.groovy.runtime.callsite.PogoMetaMethodSite.callCurrent(PogoMetaMethodSite.java:62)
at org.codehaus.groovy.runtime.callsite.AbstractCallSite.callCurrent(AbstractCallSite.java:185)
at io.restassured.internal.ResponseSpecificationImpl.time(ResponseSpecificationImpl.groovy:127)
at io.restassured.internal.ValidatableResponseOptionsImpl.time(ValidatableResponseOptionsImpl.java:409)
at io.restassured.internal.ValidatableResponseOptionsImpl.time(ValidatableResponseOptionsImpl.java:405)
at com.api.test.LoginApiTest.test_logi_api_request(LoginApiTest.java:31)
at java.base/java.util.ArrayList.forEach(ArrayList.java:1596)
... Removed 31 stack frames]]>
    </failure>
  </testcase> <!-- Login Api Test -->
  <testcase classname="com.api.test.CreateJobApiTest" name="test_create_job_api_test" time="0.695"/>
  <testcase classname="com.api.test.SupLoginApiTest" name="test_sup_login_api_request" time="0.16"/>
  <testcase classname="com.api.test.SupPendingApiTest" name="test_sup_pending_api_test" time="0.5"/>
  <testcase classname="com.api.test.SupAssignJobApiTest" name="test_sup_assign_api_request" time="0.363"/>
</testsuite> <!-- Default test(failed) -->
